08-May-2018 12:51:24.332 정보 [main] org.apache.catalina.startup.VersionLoggerListener.log Server version:        Apache Tomcat/8.0.48
08-May-2018 12:51:24.348 정보 [main] org.apache.catalina.startup.VersionLoggerListener.log Server built:          Nov 30 2017 16:26:50 UTC
08-May-2018 12:51:24.348 정보 [main] org.apache.catalina.startup.VersionLoggerListener.log Server number:         8.0.48.0
08-May-2018 12:51:24.348 정보 [main] org.apache.catalina.startup.VersionLoggerListener.log OS Name:               Windows 10
08-May-2018 12:51:24.348 정보 [main] org.apache.catalina.startup.VersionLoggerListener.log OS Version:            10.0
08-May-2018 12:51:24.348 정보 [main] org.apache.catalina.startup.VersionLoggerListener.log Architecture:          amd64
08-May-2018 12:51:24.348 정보 [main] org.apache.catalina.startup.VersionLoggerListener.log Java Home:             C:\Program Files\Java\jdk1.8.0_111\jre
08-May-2018 12:51:24.348 정보 [main] org.apache.catalina.startup.VersionLoggerListener.log JVM Version:           1.8.0_111-b14
08-May-2018 12:51:24.348 정보 [main] org.apache.catalina.startup.VersionLoggerListener.log JVM Vendor:            Oracle Corporation
08-May-2018 12:51:24.348 정보 [main] org.apache.catalina.startup.VersionLoggerListener.log CATALINA_BASE:         E:\Workspace\JAVASCRIPT_EX\Servlet&JSP\apache-tomcat-8.0.48-windows-x64\apache-tomcat-8.0.48
08-May-2018 12:51:24.348 정보 [main] org.apache.catalina.startup.VersionLoggerListener.log CATALINA_HOME:         E:\Workspace\JAVASCRIPT_EX\Servlet&JSP\apache-tomcat-8.0.48-windows-x64\apache-tomcat-8.0.48
08-May-2018 12:51:24.348 정보 [main] org.apache.catalina.startup.VersionLoggerListener.log Command line argument: -Djava.util.logging.config.file=E:\Workspace\JAVASCRIPT_EX\Servlet&JSP\apache-tomcat-8.0.48-windows-x64\apache-tomcat-8.0.48\conf\logging.properties
08-May-2018 12:51:24.348 정보 [main] org.apache.catalina.startup.VersionLoggerListener.log Command line argument: -Djava.util.logging.manager=org.apache.juli.ClassLoaderLogManager
08-May-2018 12:51:24.348 정보 [main] org.apache.catalina.startup.VersionLoggerListener.log Command line argument: -Djdk.tls.ephemeralDHKeySize=2048
08-May-2018 12:51:24.348 정보 [main] org.apache.catalina.startup.VersionLoggerListener.log Command line argument: -Djava.protocol.handler.pkgs=org.apache.catalina.webresources
08-May-2018 12:51:24.348 정보 [main] org.apache.catalina.startup.VersionLoggerListener.log Command line argument: -Dignore.endorsed.dirs=
08-May-2018 12:51:24.348 정보 [main] org.apache.catalina.startup.VersionLoggerListener.log Command line argument: -Dcatalina.base=E:\Workspace\JAVASCRIPT_EX\Servlet&JSP\apache-tomcat-8.0.48-windows-x64\apache-tomcat-8.0.48
08-May-2018 12:51:24.348 정보 [main] org.apache.catalina.startup.VersionLoggerListener.log Command line argument: -Dcatalina.home=E:\Workspace\JAVASCRIPT_EX\Servlet&JSP\apache-tomcat-8.0.48-windows-x64\apache-tomcat-8.0.48
08-May-2018 12:51:24.348 정보 [main] org.apache.catalina.startup.VersionLoggerListener.log Command line argument: -Djava.io.tmpdir=E:\Workspace\JAVASCRIPT_EX\Servlet&JSP\apache-tomcat-8.0.48-windows-x64\apache-tomcat-8.0.48\temp
08-May-2018 12:51:24.348 정보 [main] org.apache.catalina.core.AprLifecycleListener.lifecycleEvent Loaded APR based Apache Tomcat Native library 1.2.16 using APR version 1.6.3.
08-May-2018 12:51:24.348 정보 [main] org.apache.catalina.core.AprLifecycleListener.lifecycleEvent APR capabilities: IPv6 [true], sendfile [true], accept filters [false], random [true].
08-May-2018 12:51:24.872 정보 [main] org.apache.catalina.core.AprLifecycleListener.initializeSSL OpenSSL successfully initialized (OpenSSL 1.0.2m  2 Nov 2017)
08-May-2018 12:51:25.044 정보 [main] org.apache.coyote.AbstractProtocol.init Initializing ProtocolHandler ["http-apr-9090"]
08-May-2018 12:51:25.074 정보 [main] org.apache.coyote.AbstractProtocol.init Initializing ProtocolHandler ["ajp-apr-8009"]
08-May-2018 12:51:25.076 정보 [main] org.apache.catalina.startup.Catalina.load Initialization processed in 1117 ms
08-May-2018 12:51:25.098 정보 [main] org.apache.catalina.core.StandardService.startInternal Starting service Catalina
08-May-2018 12:51:25.098 정보 [main] org.apache.catalina.core.StandardEngine.startInternal Starting Servlet Engine: Apache Tomcat/8.0.48
08-May-2018 12:51:25.114 정보 [localhost-startStop-1] org.apache.catalina.startup.HostConfig.deployDirectory Deploying web application directory E:\Workspace\JAVASCRIPT_EX\Servlet&JSP\apache-tomcat-8.0.48-windows-x64\apache-tomcat-8.0.48\webapps\docs
08-May-2018 12:51:25.520 경고 [localhost-startStop-1] org.apache.catalina.util.SessionIdGeneratorBase.createSecureRandom Creation of SecureRandom instance for session ID generation using [SHA1PRNG] took [109] milliseconds.
08-May-2018 12:51:25.536 정보 [localhost-startStop-1] org.apache.catalina.startup.HostConfig.deployDirectory Deployment of web application directory E:\Workspace\JAVASCRIPT_EX\Servlet&JSP\apache-tomcat-8.0.48-windows-x64\apache-tomcat-8.0.48\webapps\docs has finished in 422 ms
08-May-2018 12:51:25.536 정보 [localhost-startStop-1] org.apache.catalina.startup.HostConfig.deployDirectory Deploying web application directory E:\Workspace\JAVASCRIPT_EX\Servlet&JSP\apache-tomcat-8.0.48-windows-x64\apache-tomcat-8.0.48\webapps\examples
08-May-2018 12:51:25.848 정보 [localhost-startStop-1] org.apache.catalina.startup.HostConfig.deployDirectory Deployment of web application directory E:\Workspace\JAVASCRIPT_EX\Servlet&JSP\apache-tomcat-8.0.48-windows-x64\apache-tomcat-8.0.48\webapps\examples has finished in 312 ms
08-May-2018 12:51:25.848 정보 [localhost-startStop-1] org.apache.catalina.startup.HostConfig.deployDirectory Deploying web application directory E:\Workspace\JAVASCRIPT_EX\Servlet&JSP\apache-tomcat-8.0.48-windows-x64\apache-tomcat-8.0.48\webapps\host-manager
08-May-2018 12:51:25.879 정보 [localhost-startStop-1] org.apache.catalina.startup.HostConfig.deployDirectory Deployment of web application directory E:\Workspace\JAVASCRIPT_EX\Servlet&JSP\apache-tomcat-8.0.48-windows-x64\apache-tomcat-8.0.48\webapps\host-manager has finished in 31 ms
08-May-2018 12:51:25.879 정보 [localhost-startStop-1] org.apache.catalina.startup.HostConfig.deployDirectory Deploying web application directory E:\Workspace\JAVASCRIPT_EX\Servlet&JSP\apache-tomcat-8.0.48-windows-x64\apache-tomcat-8.0.48\webapps\manager
08-May-2018 12:51:25.911 정보 [localhost-startStop-1] org.apache.catalina.startup.HostConfig.deployDirectory Deployment of web application directory E:\Workspace\JAVASCRIPT_EX\Servlet&JSP\apache-tomcat-8.0.48-windows-x64\apache-tomcat-8.0.48\webapps\manager has finished in 32 ms
08-May-2018 12:51:25.911 정보 [localhost-startStop-1] org.apache.catalina.startup.HostConfig.deployDirectory Deploying web application directory E:\Workspace\JAVASCRIPT_EX\Servlet&JSP\apache-tomcat-8.0.48-windows-x64\apache-tomcat-8.0.48\webapps\ROOT
08-May-2018 12:51:25.942 정보 [localhost-startStop-1] org.apache.catalina.startup.HostConfig.deployDirectory Deployment of web application directory E:\Workspace\JAVASCRIPT_EX\Servlet&JSP\apache-tomcat-8.0.48-windows-x64\apache-tomcat-8.0.48\webapps\ROOT has finished in 31 ms
08-May-2018 12:51:25.942 정보 [main] org.apache.coyote.AbstractProtocol.start Starting ProtocolHandler ["http-apr-9090"]
08-May-2018 12:51:25.957 정보 [main] org.apache.coyote.AbstractProtocol.start Starting ProtocolHandler ["ajp-apr-8009"]
08-May-2018 12:51:25.973 정보 [main] org.apache.catalina.startup.Catalina.start Server startup in 899 ms
